<?xml version="1.0" encoding="UTF-8"?>
<!-- Generated by org.testng.reporters.JUnitReportReporter -->
<testsuite skipped="8" hostname="ICT-OS-HUONGHTT" name="quanlyhososuckhoe.HSSucKhoeTaoLapTest" tests="9" failures="0" timestamp="16 Aug 2017 10:32:01 GMT" time="62.646" errors="1">
  <testcase name="kiemTraThongBaoClickNutLuuKhiChuaThayDoiThongTin" time="0.000" classname="quanlyhososuckhoe.HSSucKhoeTaoLapTest">
    <skipped/>
  </testcase> <!-- kiemTraThongBaoClickNutLuuKhiChuaThayDoiThongTin -->
  <testcase name="beforeClass" time="62.646" classname="quanlyhososuckhoe.HSSucKhoeTaoLapTest">
    <error type="org.openqa.selenium.NoSuchElementException" message="Unable to locate element: .//*[@id=&#039;body&#039;]/div[1]/div/div[1]/form/div[3]/div/input
For documentation on this error, please visit: http://seleniumhq.org/exceptions/no_such_element.html
Build info: version: &#039;3.4.0&#039;, revision: &#039;unknown&#039;, time: &#039;unknown&#039;
System info: host: &#039;ICT-OS-HUONGHTT&#039;, ip: &#039;10.61.187.146&#039;, os.name: &#039;Windows 7&#039;, os.arch: &#039;amd64&#039;, os.version: &#039;6.1&#039;, java.version: &#039;1.8.0_101&#039;
Driver info: org.openqa.selenium.firefox.FirefoxDriver
Capabilities [{moz:profile=C:\Users\ICT-OS~1\AppData\Local\Temp\rust_mozprofile.tS19UgpRILFe, rotatable=false, timeouts={implicit=0.0, pageLoad=300000.0, script=30000.0}, pageLoadStrategy=normal, platform=ANY, specificationLevel=0.0, moz:accessibilityChecks=false, acceptInsecureCerts=false, browserVersion=54.0, platformVersion=6.1, moz:processID=6444.0, browserName=firefox, javascriptEnabled=true, platformName=windows_nt}]
Session ID: ed64d16f-d835-4226-94c8-dc9de1c29287
*** Element info: {Using=xpath, value=.//*[@id=&#039;body&#039;]/div[1]/div/div[1]/form/div[3]/div/input}">
      <![CDATA[org.openqa.selenium.NoSuchElementException: Unable to locate element: .//*[@id='body']/div[1]/div/div[1]/form/div[3]/div/input
For documentation on this error, please visit: http://seleniumhq.org/exceptions/no_such_element.html
Build info: version: '3.4.0', revision: 'unknown', time: 'unknown'
System info: host: 'ICT-OS-HUONGHTT', ip: '10.61.187.146', os.name: 'Windows 7', os.arch: 'amd64', os.version: '6.1', java.version: '1.8.0_101'
Driver info: org.openqa.selenium.firefox.FirefoxDriver
Capabilities [{moz:profile=C:\Users\ICT-OS~1\AppData\Local\Temp\rust_mozprofile.tS19UgpRILFe, rotatable=false, timeouts={implicit=0.0, pageLoad=300000.0, script=30000.0}, pageLoadStrategy=normal, platform=ANY, specificationLevel=0.0, moz:accessibilityChecks=false, acceptInsecureCerts=false, browserVersion=54.0, platformVersion=6.1, moz:processID=6444.0, browserName=firefox, javascriptEnabled=true, platformName=windows_nt}]
Session ID: ed64d16f-d835-4226-94c8-dc9de1c29287
*** Element info: {Using=xpath, value=.//*[@id='body']/div[1]/div/div[1]/form/div[3]/div/input}
	at sun.reflect.NativeConstructorAccessorImpl.newInstance0(Native Method)
	at sun.reflect.NativeConstructorAccessorImpl.newInstance(Unknown Source)
	at sun.reflect.DelegatingConstructorAccessorImpl.newInstance(Unknown Source)
	at java.lang.reflect.Constructor.newInstance(Unknown Source)
	at org.openqa.selenium.remote.http.W3CHttpResponseCodec.createException(W3CHttpResponseCodec.java:150)
	at org.openqa.selenium.remote.http.W3CHttpResponseCodec.decode(W3CHttpResponseCodec.java:115)
	at org.openqa.selenium.remote.http.W3CHttpResponseCodec.decode(W3CHttpResponseCodec.java:45)
	at org.openqa.selenium.remote.HttpCommandExecutor.execute(HttpCommandExecutor.java:164)
	at org.openqa.selenium.remote.service.DriverCommandExecutor.execute(DriverCommandExecutor.java:82)
	at org.openqa.selenium.remote.RemoteWebDriver.execute(RemoteWebDriver.java:637)
	at org.openqa.selenium.remote.RemoteWebDriver.findElement(RemoteWebDriver.java:410)
	at org.openqa.selenium.remote.RemoteWebDriver.findElementByXPath(RemoteWebDriver.java:509)
	at org.openqa.selenium.By$ByXPath.findElement(By.java:361)
	at org.openqa.selenium.remote.RemoteWebDriver.findElement(RemoteWebDriver.java:402)
	at genneral.Method.senKey(Method.java:15)
	at login.Login.LoginValid(Login.java:57)
	at quanlyhososuckhoe.HSSucKhoeTaoLapTest.beforeClass(HSSucKhoeTaoLapTest.java:23)
	at sun.reflect.NativeMethodAccessorImpl.invoke0(Native Method)
	at sun.reflect.NativeMethodAccessorImpl.invoke(Unknown Source)
	at sun.reflect.DelegatingMethodAccessorImpl.invoke(Unknown Source)
	at java.lang.reflect.Method.invoke(Unknown Source)
	at org.testng.internal.MethodInvocationHelper.invokeMethod(MethodInvocationHelper.java:108)
	at org.testng.internal.Invoker.invokeConfigurationMethod(Invoker.java:523)
	at org.testng.internal.Invoker.invokeConfigurations(Invoker.java:224)
	at org.testng.internal.Invoker.invokeConfigurations(Invoker.java:146)
	at org.testng.internal.TestMethodWorker.invokeBeforeClassMethods(TestMethodWorker.java:166)
	at org.testng.internal.TestMethodWorker.run(TestMethodWorker.java:105)
	at org.testng.TestRunner.privateRun(TestRunner.java:744)
	at org.testng.TestRunner.run(TestRunner.java:602)
	at org.testng.SuiteRunner.runTest(SuiteRunner.java:380)
	at org.testng.SuiteRunner.runSequentially(SuiteRunner.java:375)
	at org.testng.SuiteRunner.privateRun(SuiteRunner.java:340)
	at org.testng.SuiteRunner.run(SuiteRunner.java:289)
	at org.testng.SuiteRunnerWorker.runSuite(SuiteRunnerWorker.java:52)
	at org.testng.SuiteRunnerWorker.run(SuiteRunnerWorker.java:86)
	at org.testng.TestNG.runSuitesSequentially(TestNG.java:1301)
	at org.testng.TestNG.runSuitesLocally(TestNG.java:1226)
	at org.testng.TestNG.runSuites(TestNG.java:1144)
	at org.testng.TestNG.run(TestNG.java:1115)
	at org.testng.remote.AbstractRemoteTestNG.run(AbstractRemoteTestNG.java:132)
	at org.testng.remote.RemoteTestNG.initAndRun(RemoteTestNG.java:230)
	at org.testng.remote.RemoteTestNG.main(RemoteTestNG.java:76)
]]>
    </error>
  </testcase> <!-- beforeClass -->
  <testcase name="kiemTraThongBaoKhiNgayKhamLonHonNgayHienTai" time="0.000" classname="quanlyhososuckhoe.HSSucKhoeTaoLapTest">
    <skipped/>
  </testcase> <!-- kiemTraThongBaoKhiNgayKhamLonHonNgayHienTai -->
  <testcase name="kiemTraThongBaoKhiNgayHenTaiKhamNhoHonNgayKham" time="0.000" classname="quanlyhososuckhoe.HSSucKhoeTaoLapTest">
    <skipped/>
  </testcase> <!-- kiemTraThongBaoKhiNgayHenTaiKhamNhoHonNgayKham -->
  <testcase name="kiemTraMauKhungKhiBoTrongTruongBatBuoc" time="0.000" classname="quanlyhososuckhoe.HSSucKhoeTaoLapTest">
    <skipped/>
  </testcase> <!-- kiemTraMauKhungKhiBoTrongTruongBatBuoc -->
  <testcase name="kiemTraNutLuuKhongDuocClickKhiThieuTruongBatBuoc" time="0.000" classname="quanlyhososuckhoe.HSSucKhoeTaoLapTest">
    <skipped/>
  </testcase> <!-- kiemTraNutLuuKhongDuocClickKhiThieuTruongBatBuoc -->
  <testcase name="lapHSSucKhoeVoiThongTinHopLe" time="0.000" classname="quanlyhososuckhoe.HSSucKhoeTaoLapTest">
    <skipped/>
  </testcase> <!-- lapHSSucKhoeVoiThongTinHopLe -->
  <testcase name="kiemTraNutXoaSauKhiDaLapHoSo" time="0.000" classname="quanlyhososuckhoe.HSSucKhoeTaoLapTest">
    <skipped/>
  </testcase> <!-- kiemTraNutXoaSauKhiDaLapHoSo -->
  <testcase name="kiemTraNutDongMHTaoLapHoSo" time="0.000" classname="quanlyhososuckhoe.HSSucKhoeTaoLapTest">
    <skipped/>
  </testcase> <!-- kiemTraNutDongMHTaoLapHoSo -->
</testsuite> <!-- quanlyhososuckhoe.HSSucKhoeTaoLapTest -->
